2024-11-09 19:35:26,531 - werkzeug - INFO - [31m[1mWARNING: This is a development server. Do not use it in a production deployment. Use a production WSGI server instead.[0m
 * Running on all addresses (0.0.0.0)
 * Running on http://127.0.0.1:5000
 * Running on http://192.168.18.39:5000
2024-11-09 19:35:26,535 - werkzeug - INFO - [33mPress CTRL+C to quit[0m
2024-11-09 19:35:40,767 - absl - WARNING - Compiled the loaded model, but the compiled metrics have yet to be built. `model.compile_metrics` will be empty until you train or evaluate the model.
2024-11-09 19:35:41,838 - __main__ - INFO - Successfully loaded model and encoder
2024-11-09 19:35:42,637 - __main__ - ERROR - Failed to load drug data: 'MedicalPredictor' object has no attribute 'druginteractionsfinal'
2024-11-09 19:35:42,677 - __main__ - ERROR - Initialization failed: Drug data loading failed: 'MedicalPredictor' object has no attribute 'druginteractionsfinal'
2024-11-09 19:35:42,677 - app - ERROR - Exception on / [GET]
Traceback (most recent call last):
  File "C:\Users\Prashant\Documents\Himnish\Web Development\AI for doctors\flask_model_api\app.py", line 97, in load_drug_data
    df = getattr(self, filename.split('.')[0])
         ^^^^^^^^^^^^^^^^^^^^^^^^^^^^^^^^^^^^^
AttributeError: 'MedicalPredictor' object has no attribute 'druginteractionsfinal'. Did you mean: 'druginteraction'?

During handling of the above exception, another exception occurred:

Traceback (most recent call last):
  File "C:\Users\Prashant\AppData\Local\Programs\Python\Python312\Lib\site-packages\flask\app.py", line 1473, in wsgi_app
    response = self.full_dispatch_request()
               ^^^^^^^^^^^^^^^^^^^^^^^^^^^^
  File "C:\Users\Prashant\AppData\Local\Programs\Python\Python312\Lib\site-packages\flask\app.py", line 882, in full_dispatch_request
    rv = self.handle_user_exception(e)
         ^^^^^^^^^^^^^^^^^^^^^^^^^^^^^
  File "C:\Users\Prashant\AppData\Local\Programs\Python\Python312\Lib\site-packages\flask\app.py", line 878, in full_dispatch_request
    rv = self.preprocess_request()
         ^^^^^^^^^^^^^^^^^^^^^^^^^
  File "C:\Users\Prashant\AppData\Local\Programs\Python\Python312\Lib\site-packages\flask\app.py", line 1253, in preprocess_request
    rv = self.ensure_sync(before_func)()
         ^^^^^^^^^^^^^^^^^^^^^^^^^^^^^^^
  File "C:\Users\Prashant\Documents\Himnish\Web Development\AI for doctors\flask_model_api\app.py", line 229, in initialize
    predictor.load_drug_data()
  File "C:\Users\Prashant\Documents\Himnish\Web Development\AI for doctors\flask_model_api\app.py", line 105, in load_drug_data
    raise DataLoadError(f"Drug data loading failed: {str(e)}")
DataLoadError: Drug data loading failed: 'MedicalPredictor' object has no attribute 'druginteractionsfinal'
2024-11-09 19:35:42,695 - __main__ - ERROR - Internal server error: 500 Internal Server Error: The server encountered an internal error and was unable to complete your request. Either the server is overloaded or there is an error in the application.
2024-11-09 19:35:42,698 - werkzeug - INFO - 127.0.0.1 - - [09/Nov/2024 19:35:42] "[35m[1mGET / HTTP/1.1[0m" 500 -
2024-11-09 19:47:47,737 - __main__ - INFO - Starting Flask application...
2024-11-09 19:47:47,737 - h5py._conv - DEBUG - Creating converter from 3 to 5
2024-11-09 19:47:47,855 - absl - WARNING - Compiled the loaded model, but the compiled metrics have yet to be built. `model.compile_metrics` will be empty until you train or evaluate the model.
2024-11-09 19:47:48,233 - __main__ - INFO - Successfully loaded model and encoder
2024-11-09 19:47:48,233 - __main__ - INFO - Initial model loading successful
2024-11-09 19:47:48,233 - werkzeug - WARNING -  * Debugger is active!
2024-11-09 19:47:48,233 - werkzeug - INFO -  * Debugger PIN: 512-783-225
2024-11-09 19:48:22,196 - __main__ - INFO - Starting Flask application...
2024-11-09 19:48:22,212 - h5py._conv - DEBUG - Creating converter from 3 to 5
2024-11-09 19:48:22,328 - absl - WARNING - Compiled the loaded model, but the compiled metrics have yet to be built. `model.compile_metrics` will be empty until you train or evaluate the model.
2024-11-09 19:48:22,675 - __main__ - INFO - Successfully loaded model and encoder
2024-11-09 19:48:22,675 - __main__ - INFO - Initial model loading successful
2024-11-09 19:48:22,681 - werkzeug - INFO - [31m[1mWARNING: This is a development server. Do not use it in a production deployment. Use a production WSGI server instead.[0m
 * Running on http://127.0.0.1:5000
2024-11-09 19:48:22,681 - werkzeug - INFO - [33mPress CTRL+C to quit[0m
2024-11-09 19:48:22,681 - werkzeug - INFO -  * Restarting with stat
2024-11-09 19:48:26,597 - __main__ - INFO - Starting Flask application...
2024-11-09 19:48:26,597 - h5py._conv - DEBUG - Creating converter from 3 to 5
2024-11-09 19:48:26,691 - absl - WARNING - Compiled the loaded model, but the compiled metrics have yet to be built. `model.compile_metrics` will be empty until you train or evaluate the model.
2024-11-09 19:48:27,038 - __main__ - INFO - Successfully loaded model and encoder
2024-11-09 19:48:27,038 - __main__ - INFO - Initial model loading successful
2024-11-09 19:48:27,053 - werkzeug - WARNING -  * Debugger is active!
2024-11-09 19:48:27,053 - werkzeug - INFO -  * Debugger PIN: 512-783-225
2024-11-09 19:48:47,461 - werkzeug - INFO - 127.0.0.1 - - [09/Nov/2024 19:48:47] "GET / HTTP/1.1" 200 -
2024-11-09 19:48:52,100 - __main__ - INFO - Received prediction request
2024-11-09 19:48:52,100 - __main__ - ERROR - Input validation error: Expected 377 symptoms, got 64
2024-11-09 19:48:52,101 - __main__ - ERROR - Validation error: Expected 377 symptoms, got 64
2024-11-09 19:48:52,101 - werkzeug - INFO - 127.0.0.1 - - [09/Nov/2024 19:48:52] "[31m[1mPOST /predict HTTP/1.1[0m" 400 -
2024-11-09 19:49:23,427 - werkzeug - INFO -  * Detected change in 'C:\\Users\\Prashant\\Documents\\Himnish\\Web Development\\AI for doctors\\flask_model_api\\app.py', reloading
2024-11-09 19:49:24,118 - werkzeug - INFO -  * Restarting with stat
2024-11-09 19:49:28,221 - __main__ - INFO - Starting Flask application...
2024-11-09 19:49:28,237 - h5py._conv - DEBUG - Creating converter from 3 to 5
2024-11-09 19:49:28,332 - absl - WARNING - Compiled the loaded model, but the compiled metrics have yet to be built. `model.compile_metrics` will be empty until you train or evaluate the model.
2024-11-09 19:49:28,762 - __main__ - INFO - Successfully loaded model and encoder
2024-11-09 19:49:28,762 - __main__ - INFO - Initial model loading successful
2024-11-09 19:49:28,768 - werkzeug - WARNING -  * Debugger is active!
2024-11-09 19:49:28,771 - werkzeug - INFO -  * Debugger PIN: 512-783-225
2024-11-09 19:50:58,035 - __main__ - INFO - Starting Flask application...
2024-11-09 19:50:58,051 - h5py._conv - DEBUG - Creating converter from 3 to 5
2024-11-09 19:50:58,150 - absl - WARNING - Compiled the loaded model, but the compiled metrics have yet to be built. `model.compile_metrics` will be empty until you train or evaluate the model.
2024-11-09 19:50:58,515 - __main__ - INFO - Successfully loaded model and encoder
2024-11-09 19:50:58,515 - __main__ - INFO - Initial model loading successful
2024-11-09 19:50:58,535 - werkzeug - INFO - [31m[1mWARNING: This is a development server. Do not use it in a production deployment. Use a production WSGI server instead.[0m
 * Running on http://127.0.0.1:5000
2024-11-09 19:50:58,535 - werkzeug - INFO - [33mPress CTRL+C to quit[0m
2024-11-09 19:50:58,536 - werkzeug - INFO -  * Restarting with stat
2024-11-09 19:51:02,345 - __main__ - INFO - Starting Flask application...
2024-11-09 19:51:02,360 - h5py._conv - DEBUG - Creating converter from 3 to 5
2024-11-09 19:51:02,455 - absl - WARNING - Compiled the loaded model, but the compiled metrics have yet to be built. `model.compile_metrics` will be empty until you train or evaluate the model.
2024-11-09 19:51:02,813 - __main__ - INFO - Successfully loaded model and encoder
2024-11-09 19:51:02,813 - __main__ - INFO - Initial model loading successful
2024-11-09 19:51:02,823 - werkzeug - WARNING -  * Debugger is active!
2024-11-09 19:51:02,823 - werkzeug - INFO -  * Debugger PIN: 512-783-225
2024-11-09 19:51:07,038 - werkzeug - INFO - 127.0.0.1 - - [09/Nov/2024 19:51:07] "GET / HTTP/1.1" 200 -
2024-11-09 19:51:10,592 - __main__ - INFO - Received prediction request
2024-11-09 19:51:10,624 - absl - WARNING - Compiled the loaded model, but the compiled metrics have yet to be built. `model.compile_metrics` will be empty until you train or evaluate the model.
2024-11-09 19:51:10,624 - __main__ - INFO - Successfully loaded model and encoder
2024-11-09 19:51:10,975 - __main__ - INFO - Successfully loaded drug data
2024-11-09 19:51:12,610 - __main__ - INFO - Successfully generated prediction response
2024-11-09 19:51:12,611 - werkzeug - INFO - 127.0.0.1 - - [09/Nov/2024 19:51:12] "POST /predict HTTP/1.1" 200 -
2024-11-09 19:56:06,030 - __main__ - INFO - Starting Flask application...
2024-11-09 19:56:06,030 - h5py._conv - DEBUG - Creating converter from 3 to 5
2024-11-09 19:56:06,149 - absl - WARNING - Compiled the loaded model, but the compiled metrics have yet to be built. `model.compile_metrics` will be empty until you train or evaluate the model.
2024-11-09 19:56:06,528 - __main__ - INFO - Successfully loaded model and encoder
2024-11-09 19:56:06,528 - __main__ - INFO - Initial model loading successful
2024-11-09 19:56:06,544 - werkzeug - INFO - [31m[1mWARNING: This is a development server. Do not use it in a production deployment. Use a production WSGI server instead.[0m
 * Running on http://127.0.0.1:5000
2024-11-09 19:56:06,544 - werkzeug - INFO - [33mPress CTRL+C to quit[0m
2024-11-09 19:56:06,544 - werkzeug - INFO -  * Restarting with stat
2024-11-09 19:56:10,736 - __main__ - INFO - Starting Flask application...
2024-11-09 19:56:10,751 - h5py._conv - DEBUG - Creating converter from 3 to 5
2024-11-09 19:56:10,905 - absl - WARNING - Compiled the loaded model, but the compiled metrics have yet to be built. `model.compile_metrics` will be empty until you train or evaluate the model.
2024-11-09 19:56:11,319 - __main__ - INFO - Successfully loaded model and encoder
2024-11-09 19:56:11,319 - __main__ - INFO - Initial model loading successful
2024-11-09 19:56:11,327 - werkzeug - WARNING -  * Debugger is active!
2024-11-09 19:56:11,327 - werkzeug - INFO -  * Debugger PIN: 512-783-225
2024-11-09 19:56:14,732 - werkzeug - INFO - 127.0.0.1 - - [09/Nov/2024 19:56:14] "GET / HTTP/1.1" 200 -
2024-11-09 19:56:17,954 - __main__ - INFO - Received prediction request
2024-11-09 19:56:17,988 - absl - WARNING - Compiled the loaded model, but the compiled metrics have yet to be built. `model.compile_metrics` will be empty until you train or evaluate the model.
2024-11-09 19:56:17,988 - __main__ - INFO - Successfully loaded model and encoder
2024-11-09 19:56:18,322 - __main__ - INFO - Successfully loaded drug data
2024-11-09 19:56:27,604 - __main__ - INFO - Successfully generated prediction response
2024-11-09 19:56:27,605 - werkzeug - INFO - 127.0.0.1 - - [09/Nov/2024 19:56:27] "POST /predict HTTP/1.1" 200 -
2024-11-09 20:04:58,553 - __main__ - INFO - Received prediction request
2024-11-09 20:04:58,591 - absl - WARNING - Compiled the loaded model, but the compiled metrics have yet to be built. `model.compile_metrics` will be empty until you train or evaluate the model.
2024-11-09 20:04:58,593 - __main__ - INFO - Successfully loaded model and encoder
2024-11-09 20:04:58,899 - __main__ - INFO - Successfully loaded drug data
2024-11-09 20:05:03,536 - __main__ - INFO - Successfully generated prediction response
2024-11-09 20:05:03,537 - werkzeug - INFO - 127.0.0.1 - - [09/Nov/2024 20:05:03] "POST /predict HTTP/1.1" 200 -
2024-11-09 20:08:36,421 - werkzeug - INFO -  * Detected change in 'C:\\Users\\Prashant\\Documents\\Himnish\\Web Development\\AI for doctors\\flask_model_api\\app.py', reloading
2024-11-09 20:08:37,160 - werkzeug - INFO -  * Restarting with stat
2024-11-09 20:08:41,427 - __main__ - INFO - Starting Flask application...
2024-11-09 20:08:41,443 - h5py._conv - DEBUG - Creating converter from 3 to 5
2024-11-09 20:08:41,526 - absl - WARNING - Compiled the loaded model, but the compiled metrics have yet to be built. `model.compile_metrics` will be empty until you train or evaluate the model.
2024-11-09 20:08:41,922 - __main__ - INFO - Successfully loaded model and encoder
2024-11-09 20:08:41,922 - __main__ - INFO - Model loaded successfully
2024-11-09 20:08:42,244 - __main__ - INFO - Successfully loaded drug data
2024-11-09 20:08:42,244 - __main__ - INFO - Data files loaded successfully
2024-11-09 20:08:42,244 - __main__ - INFO - Number of diseases in data: 197
2024-11-09 20:08:42,244 - __main__ - INFO - Number of drug interactions: 191148
2024-11-09 20:08:42,244 - __main__ - INFO - Number of side effects: 2931
2024-11-09 20:08:42,262 - werkzeug - WARNING -  * Debugger is active!
2024-11-09 20:08:42,262 - werkzeug - INFO -  * Debugger PIN: 512-783-225
2024-11-09 20:09:00,984 - __main__ - INFO - Starting Flask application...
2024-11-09 20:09:00,989 - h5py._conv - DEBUG - Creating converter from 3 to 5
2024-11-09 20:09:01,110 - absl - WARNING - Compiled the loaded model, but the compiled metrics have yet to be built. `model.compile_metrics` will be empty until you train or evaluate the model.
2024-11-09 20:09:01,443 - __main__ - INFO - Successfully loaded model and encoder
2024-11-09 20:09:01,443 - __main__ - INFO - Model loaded successfully
2024-11-09 20:09:01,742 - __main__ - INFO - Successfully loaded drug data
2024-11-09 20:09:01,742 - __main__ - INFO - Data files loaded successfully
2024-11-09 20:09:01,742 - __main__ - INFO - Number of diseases in data: 197
2024-11-09 20:09:01,742 - __main__ - INFO - Number of drug interactions: 191148
2024-11-09 20:09:01,742 - __main__ - INFO - Number of side effects: 2931
2024-11-09 20:09:01,757 - werkzeug - INFO - [31m[1mWARNING: This is a development server. Do not use it in a production deployment. Use a production WSGI server instead.[0m
 * Running on http://127.0.0.1:5000
2024-11-09 20:09:01,757 - werkzeug - INFO - [33mPress CTRL+C to quit[0m
2024-11-09 20:09:01,757 - werkzeug - INFO -  * Restarting with stat
2024-11-09 20:09:05,708 - __main__ - INFO - Starting Flask application...
2024-11-09 20:09:05,719 - h5py._conv - DEBUG - Creating converter from 3 to 5
2024-11-09 20:09:05,821 - absl - WARNING - Compiled the loaded model, but the compiled metrics have yet to be built. `model.compile_metrics` will be empty until you train or evaluate the model.
2024-11-09 20:09:06,200 - __main__ - INFO - Successfully loaded model and encoder
2024-11-09 20:09:06,200 - __main__ - INFO - Model loaded successfully
2024-11-09 20:09:06,519 - __main__ - INFO - Successfully loaded drug data
2024-11-09 20:09:06,519 - __main__ - INFO - Data files loaded successfully
2024-11-09 20:09:06,519 - __main__ - INFO - Number of diseases in data: 197
2024-11-09 20:09:06,519 - __main__ - INFO - Number of drug interactions: 191148
2024-11-09 20:09:06,519 - __main__ - INFO - Number of side effects: 2931
2024-11-09 20:09:06,523 - werkzeug - WARNING -  * Debugger is active!
2024-11-09 20:09:06,525 - werkzeug - INFO -  * Debugger PIN: 512-783-225
2024-11-09 20:09:13,043 - werkzeug - INFO - 127.0.0.1 - - [09/Nov/2024 20:09:13] "GET / HTTP/1.1" 200 -
2024-11-09 20:09:16,042 - __main__ - INFO - Received prediction request
2024-11-09 20:09:16,090 - absl - WARNING - Compiled the loaded model, but the compiled metrics have yet to be built. `model.compile_metrics` will be empty until you train or evaluate the model.
2024-11-09 20:09:16,091 - __main__ - INFO - Successfully loaded model and encoder
2024-11-09 20:09:16,407 - __main__ - INFO - Successfully loaded drug data
2024-11-09 20:09:26,932 - __main__ - INFO - Successfully generated prediction response
2024-11-09 20:09:26,932 - werkzeug - INFO - 127.0.0.1 - - [09/Nov/2024 20:09:26] "POST /predict HTTP/1.1" 200 -
2024-11-09 20:17:12,104 - werkzeug - INFO -  * Detected change in 'C:\\Users\\Prashant\\Documents\\Himnish\\Web Development\\AI for doctors\\flask_model_api\\app.py', reloading
2024-11-09 20:17:12,789 - werkzeug - INFO -  * Restarting with stat
2024-11-09 20:17:16,572 - __main__ - INFO - Starting Flask application...
2024-11-09 20:17:16,588 - h5py._conv - DEBUG - Creating converter from 3 to 5
2024-11-09 20:17:16,688 - absl - WARNING - Compiled the loaded model, but the compiled metrics have yet to be built. `model.compile_metrics` will be empty until you train or evaluate the model.
2024-11-09 20:17:17,070 - __main__ - INFO - Successfully loaded model and encoder
2024-11-09 20:17:17,070 - __main__ - INFO - Model loaded successfully
2024-11-09 20:17:17,427 - __main__ - INFO - Successfully loaded drug data
2024-11-09 20:17:17,427 - __main__ - INFO - Data files loaded successfully
2024-11-09 20:17:17,427 - __main__ - INFO - Number of diseases in data: 197
2024-11-09 20:17:17,427 - __main__ - INFO - Number of drug interactions: 191148
2024-11-09 20:17:17,427 - __main__ - INFO - Number of side effects: 2931
2024-11-09 20:17:17,427 - werkzeug - WARNING -  * Debugger is active!
2024-11-09 20:17:17,427 - werkzeug - INFO -  * Debugger PIN: 512-783-225
2024-11-09 20:17:26,345 - werkzeug - INFO - 127.0.0.1 - - [09/Nov/2024 20:17:26] "GET / HTTP/1.1" 200 -
2024-11-09 20:17:29,287 - __main__ - INFO - Received prediction request
2024-11-09 20:17:29,320 - absl - WARNING - Compiled the loaded model, but the compiled metrics have yet to be built. `model.compile_metrics` will be empty until you train or evaluate the model.
2024-11-09 20:17:29,323 - __main__ - INFO - Successfully loaded model and encoder
2024-11-09 20:17:29,685 - __main__ - INFO - Successfully loaded drug data
2024-11-09 20:17:34,284 - __main__ - INFO - Successfully generated prediction response
2024-11-09 20:17:34,286 - werkzeug - INFO - 127.0.0.1 - - [09/Nov/2024 20:17:34] "POST /predict HTTP/1.1" 200 -
2024-11-09 20:20:23,074 - werkzeug - INFO -  * Detected change in 'C:\\Users\\Prashant\\Documents\\Himnish\\Web Development\\AI for doctors\\flask_model_api\\app.py', reloading
2024-11-09 20:20:23,779 - werkzeug - INFO -  * Restarting with stat
2024-11-09 20:20:27,544 - __main__ - INFO - Starting Flask application...
2024-11-09 20:20:27,551 - h5py._conv - DEBUG - Creating converter from 3 to 5
2024-11-09 20:20:27,635 - absl - WARNING - Compiled the loaded model, but the compiled metrics have yet to be built. `model.compile_metrics` will be empty until you train or evaluate the model.
2024-11-09 20:20:27,979 - __main__ - INFO - Successfully loaded model and encoder
2024-11-09 20:20:27,979 - __main__ - INFO - Model loaded successfully
2024-11-09 20:20:28,335 - __main__ - INFO - Successfully loaded drug data
2024-11-09 20:20:28,335 - __main__ - INFO - Data files loaded successfully
2024-11-09 20:20:28,335 - __main__ - INFO - Number of diseases in data: 197
2024-11-09 20:20:28,335 - __main__ - INFO - Number of drug interactions: 191148
2024-11-09 20:20:28,335 - __main__ - INFO - Number of side effects: 2931
2024-11-09 20:20:28,335 - werkzeug - WARNING -  * Debugger is active!
2024-11-09 20:20:28,335 - werkzeug - INFO -  * Debugger PIN: 512-783-225
2024-11-09 20:20:39,445 - werkzeug - INFO -  * Detected change in 'C:\\Users\\Prashant\\Documents\\Himnish\\Web Development\\AI for doctors\\flask_model_api\\app.py', reloading
2024-11-09 20:20:40,145 - werkzeug - INFO -  * Restarting with stat
2024-11-09 20:20:44,019 - __main__ - INFO - Starting Flask application...
2024-11-09 20:20:44,029 - h5py._conv - DEBUG - Creating converter from 3 to 5
2024-11-09 20:20:44,134 - absl - WARNING - Compiled the loaded model, but the compiled metrics have yet to be built. `model.compile_metrics` will be empty until you train or evaluate the model.
2024-11-09 20:20:44,510 - __main__ - INFO - Successfully loaded model and encoder
2024-11-09 20:20:44,510 - __main__ - INFO - Model loaded successfully
2024-11-09 20:20:44,880 - __main__ - INFO - Successfully loaded drug data
2024-11-09 20:20:44,880 - __main__ - INFO - Data files loaded successfully
2024-11-09 20:20:44,880 - __main__ - INFO - Number of diseases in data: 197
2024-11-09 20:20:44,880 - __main__ - INFO - Number of drug interactions: 191148
2024-11-09 20:20:44,880 - __main__ - INFO - Number of side effects: 2931
2024-11-09 20:20:44,886 - werkzeug - WARNING -  * Debugger is active!
2024-11-09 20:20:44,886 - werkzeug - INFO -  * Debugger PIN: 512-783-225
2024-11-09 20:20:46,202 - werkzeug - INFO - 127.0.0.1 - - [09/Nov/2024 20:20:46] "GET / HTTP/1.1" 200 -
2024-11-09 20:20:49,282 - __main__ - INFO - Received prediction request
2024-11-09 20:20:49,317 - absl - WARNING - Compiled the loaded model, but the compiled metrics have yet to be built. `model.compile_metrics` will be empty until you train or evaluate the model.
2024-11-09 20:20:49,320 - __main__ - INFO - Successfully loaded model and encoder
2024-11-09 20:20:49,676 - __main__ - INFO - Successfully loaded drug data
2024-11-09 20:21:08,315 - __main__ - INFO - Successfully generated prediction response
2024-11-09 20:21:08,316 - werkzeug - INFO - 127.0.0.1 - - [09/Nov/2024 20:21:08] "POST /predict HTTP/1.1" 200 -
2024-11-09 20:21:31,909 - werkzeug - INFO - 127.0.0.1 - - [09/Nov/2024 20:21:31] "GET / HTTP/1.1" 200 -
2024-11-09 20:21:38,795 - __main__ - INFO - Received prediction request
2024-11-09 20:21:38,851 - absl - WARNING - Compiled the loaded model, but the compiled metrics have yet to be built. `model.compile_metrics` will be empty until you train or evaluate the model.
2024-11-09 20:21:38,851 - __main__ - INFO - Successfully loaded model and encoder
2024-11-09 20:21:39,497 - __main__ - INFO - Successfully loaded drug data
2024-11-09 20:21:46,835 - __main__ - INFO - Successfully generated prediction response
2024-11-09 20:21:46,835 - werkzeug - INFO - 127.0.0.1 - - [09/Nov/2024 20:21:46] "POST /predict HTTP/1.1" 200 -
2024-11-09 20:35:24,152 - __main__ - INFO - Starting Flask application...
2024-11-09 20:35:24,229 - h5py._conv - DEBUG - Creating converter from 3 to 5
2024-11-09 20:35:24,474 - absl - WARNING - Compiled the loaded model, but the compiled metrics have yet to be built. `model.compile_metrics` will be empty until you train or evaluate the model.
2024-11-09 20:35:26,886 - __main__ - INFO - Successfully loaded model and encoder
2024-11-09 20:35:26,887 - __main__ - INFO - Model loaded successfully
2024-11-09 20:35:27,296 - __main__ - INFO - Successfully loaded drug data
2024-11-09 20:35:27,296 - __main__ - INFO - Data files loaded successfully
2024-11-09 20:35:27,296 - __main__ - INFO - Number of diseases in data: 197
2024-11-09 20:35:27,296 - __main__ - INFO - Number of drug interactions: 191148
2024-11-09 20:35:27,296 - __main__ - INFO - Number of side effects: 2931
2024-11-09 20:35:27,319 - werkzeug - INFO - [31m[1mWARNING: This is a development server. Do not use it in a production deployment. Use a production WSGI server instead.[0m
 * Running on http://127.0.0.1:5000
2024-11-09 20:35:27,319 - werkzeug - INFO - [33mPress CTRL+C to quit[0m
2024-11-09 20:35:27,321 - werkzeug - INFO -  * Restarting with stat
2024-11-09 20:35:32,379 - __main__ - INFO - Starting Flask application...
2024-11-09 20:35:32,401 - h5py._conv - DEBUG - Creating converter from 3 to 5
2024-11-09 20:35:32,499 - absl - WARNING - Compiled the loaded model, but the compiled metrics have yet to be built. `model.compile_metrics` will be empty until you train or evaluate the model.
2024-11-09 20:35:33,061 - __main__ - INFO - Successfully loaded model and encoder
2024-11-09 20:35:33,061 - __main__ - INFO - Model loaded successfully
2024-11-09 20:35:33,376 - __main__ - INFO - Successfully loaded drug data
2024-11-09 20:35:33,377 - __main__ - INFO - Data files loaded successfully
2024-11-09 20:35:33,377 - __main__ - INFO - Number of diseases in data: 197
2024-11-09 20:35:33,377 - __main__ - INFO - Number of drug interactions: 191148
2024-11-09 20:35:33,377 - __main__ - INFO - Number of side effects: 2931
2024-11-09 20:35:33,392 - werkzeug - WARNING -  * Debugger is active!
2024-11-09 20:35:33,395 - werkzeug - INFO -  * Debugger PIN: 923-312-183
2024-11-09 20:37:22,593 - werkzeug - INFO - 127.0.0.1 - - [09/Nov/2024 20:37:22] "GET / HTTP/1.1" 200 -
2024-11-09 20:37:28,431 - werkzeug - INFO - 127.0.0.1 - - [09/Nov/2024 20:37:28] "[32mGET /login HTTP/1.1[0m" 302 -
2024-11-09 20:43:17,168 - werkzeug - INFO -  * Detected change in 'C:\\Users\\Ritesh Udgata\\Desktop\\AI for doctors\\flask_model_api\\app.py', reloading
2024-11-09 20:43:17,730 - werkzeug - INFO -  * Restarting with stat
2024-11-09 20:43:59,946 - werkzeug - INFO -  * Restarting with stat
2024-11-09 20:44:04,938 - __main__ - INFO - Starting Flask application...
2024-11-09 20:44:04,968 - h5py._conv - DEBUG - Creating converter from 3 to 5
2024-11-09 20:44:05,075 - absl - WARNING - Compiled the loaded model, but the compiled metrics have yet to be built. `model.compile_metrics` will be empty until you train or evaluate the model.
2024-11-09 20:44:05,660 - __main__ - INFO - Successfully loaded model and encoder
2024-11-09 20:44:05,660 - __main__ - INFO - Model loaded successfully
2024-11-09 20:44:05,985 - __main__ - INFO - Successfully loaded drug data
2024-11-09 20:44:05,985 - __main__ - INFO - Data files loaded successfully
2024-11-09 20:44:05,985 - __main__ - INFO - Number of diseases in data: 197
2024-11-09 20:44:05,985 - __main__ - INFO - Number of drug interactions: 191148
2024-11-09 20:44:05,985 - __main__ - INFO - Number of side effects: 2931
2024-11-09 20:44:06,004 - werkzeug - WARNING -  * Debugger is active!
2024-11-09 20:44:06,009 - werkzeug - INFO -  * Debugger PIN: 923-312-183
2024-11-09 20:47:46,434 - werkzeug - INFO -  * Detected change in 'C:\\Users\\Ritesh Udgata\\Desktop\\AI for doctors\\flask_model_api\\app.py', reloading
2024-11-09 20:47:46,953 - werkzeug - INFO -  * Restarting with stat
2024-11-09 20:47:52,040 - __main__ - INFO - Starting Flask application...
2024-11-09 20:47:52,065 - h5py._conv - DEBUG - Creating converter from 3 to 5
2024-11-09 20:47:52,165 - absl - WARNING - Compiled the loaded model, but the compiled metrics have yet to be built. `model.compile_metrics` will be empty until you train or evaluate the model.
2024-11-09 20:47:52,871 - __main__ - INFO - Successfully loaded model and encoder
2024-11-09 20:47:52,871 - __main__ - INFO - Model loaded successfully
2024-11-09 20:47:53,232 - __main__ - INFO - Successfully loaded drug data
2024-11-09 20:47:53,232 - __main__ - INFO - Data files loaded successfully
2024-11-09 20:47:53,232 - __main__ - INFO - Number of diseases in data: 197
2024-11-09 20:47:53,232 - __main__ - INFO - Number of drug interactions: 191148
2024-11-09 20:47:53,232 - __main__ - INFO - Number of side effects: 2931
2024-11-09 20:47:53,246 - werkzeug - WARNING -  * Debugger is active!
2024-11-09 20:47:53,248 - werkzeug - INFO -  * Debugger PIN: 923-312-183
2024-11-09 20:49:53,244 - werkzeug - INFO -  * Detected change in 'C:\\Users\\Ritesh Udgata\\Desktop\\AI for doctors\\flask_model_api\\app.py', reloading
2024-11-09 20:49:53,689 - werkzeug - INFO -  * Restarting with stat
2024-11-09 20:49:58,344 - __main__ - INFO - Starting Flask application...
2024-11-09 20:49:58,367 - h5py._conv - DEBUG - Creating converter from 3 to 5
2024-11-09 20:49:58,460 - absl - WARNING - Compiled the loaded model, but the compiled metrics have yet to be built. `model.compile_metrics` will be empty until you train or evaluate the model.
2024-11-09 20:49:59,077 - __main__ - INFO - Successfully loaded model and encoder
2024-11-09 20:49:59,077 - __main__ - INFO - Model loaded successfully
2024-11-09 20:49:59,380 - __main__ - INFO - Successfully loaded drug data
2024-11-09 20:49:59,381 - __main__ - INFO - Data files loaded successfully
2024-11-09 20:49:59,381 - __main__ - INFO - Number of diseases in data: 197
2024-11-09 20:49:59,381 - __main__ - INFO - Number of drug interactions: 191148
2024-11-09 20:49:59,381 - __main__ - INFO - Number of side effects: 2931
2024-11-09 20:49:59,392 - werkzeug - WARNING -  * Debugger is active!
2024-11-09 20:49:59,394 - werkzeug - INFO -  * Debugger PIN: 923-312-183
2024-11-09 20:50:17,242 - werkzeug - INFO - 127.0.0.1 - - [09/Nov/2024 20:50:17] "GET / HTTP/1.1" 200 -
2024-11-09 20:50:31,758 - __main__ - INFO - Received prediction request
2024-11-09 20:50:31,802 - absl - WARNING - Compiled the loaded model, but the compiled metrics have yet to be built. `model.compile_metrics` will be empty until you train or evaluate the model.
2024-11-09 20:50:31,805 - __main__ - INFO - Successfully loaded model and encoder
2024-11-09 20:50:32,229 - __main__ - INFO - Successfully loaded drug data
2024-11-09 20:50:36,559 - __main__ - INFO - Successfully generated prediction response
2024-11-09 20:50:36,562 - werkzeug - INFO - 127.0.0.1 - - [09/Nov/2024 20:50:36] "POST /predict HTTP/1.1" 200 -
2024-11-09 20:51:00,777 - werkzeug - INFO -  * Detected change in 'C:\\Users\\Ritesh Udgata\\Desktop\\AI for doctors\\flask_model_api\\app.py', reloading
2024-11-09 20:51:01,224 - werkzeug - INFO -  * Restarting with stat
2024-11-09 20:51:06,316 - __main__ - INFO - Starting Flask application...
2024-11-09 20:51:06,335 - h5py._conv - DEBUG - Creating converter from 3 to 5
2024-11-09 20:51:06,440 - absl - WARNING - Compiled the loaded model, but the compiled metrics have yet to be built. `model.compile_metrics` will be empty until you train or evaluate the model.
2024-11-09 20:51:07,070 - __main__ - INFO - Successfully loaded model and encoder
2024-11-09 20:51:07,070 - __main__ - INFO - Model loaded successfully
2024-11-09 20:51:07,526 - __main__ - INFO - Successfully loaded drug data
2024-11-09 20:51:07,526 - __main__ - INFO - Data files loaded successfully
2024-11-09 20:51:07,526 - __main__ - INFO - Number of diseases in data: 197
2024-11-09 20:51:07,526 - __main__ - INFO - Number of drug interactions: 191148
2024-11-09 20:51:07,526 - __main__ - INFO - Number of side effects: 2931
2024-11-09 20:51:07,537 - werkzeug - WARNING -  * Debugger is active!
2024-11-09 20:51:07,540 - werkzeug - INFO -  * Debugger PIN: 923-312-183
2024-11-09 20:52:45,054 - __main__ - INFO - Starting Flask application...
2024-11-09 20:52:45,073 - h5py._conv - DEBUG - Creating converter from 3 to 5
2024-11-09 20:52:45,163 - absl - WARNING - Compiled the loaded model, but the compiled metrics have yet to be built. `model.compile_metrics` will be empty until you train or evaluate the model.
2024-11-09 20:52:45,747 - __main__ - INFO - Successfully loaded model and encoder
2024-11-09 20:52:45,747 - __main__ - INFO - Model loaded successfully
2024-11-09 20:52:46,060 - __main__ - INFO - Successfully loaded drug data
2024-11-09 20:52:46,060 - __main__ - INFO - Data files loaded successfully
2024-11-09 20:52:46,060 - __main__ - INFO - Number of diseases in data: 197
2024-11-09 20:52:46,061 - __main__ - INFO - Number of drug interactions: 191148
2024-11-09 20:52:46,061 - __main__ - INFO - Number of side effects: 2931
2024-11-09 20:52:46,083 - werkzeug - INFO - [31m[1mWARNING: This is a development server. Do not use it in a production deployment. Use a production WSGI server instead.[0m
 * Running on http://127.0.0.1:5000
2024-11-09 20:52:46,083 - werkzeug - INFO - [33mPress CTRL+C to quit[0m
2024-11-09 20:52:46,086 - werkzeug - INFO -  * Restarting with stat
2024-11-09 20:52:50,561 - __main__ - INFO - Starting Flask application...
2024-11-09 20:52:50,582 - h5py._conv - DEBUG - Creating converter from 3 to 5
2024-11-09 20:52:50,671 - absl - WARNING - Compiled the loaded model, but the compiled metrics have yet to be built. `model.compile_metrics` will be empty until you train or evaluate the model.
2024-11-09 20:52:51,279 - __main__ - INFO - Successfully loaded model and encoder
2024-11-09 20:52:51,279 - __main__ - INFO - Model loaded successfully
2024-11-09 20:52:51,573 - __main__ - INFO - Successfully loaded drug data
2024-11-09 20:52:51,573 - __main__ - INFO - Data files loaded successfully
2024-11-09 20:52:51,573 - __main__ - INFO - Number of diseases in data: 197
2024-11-09 20:52:51,573 - __main__ - INFO - Number of drug interactions: 191148
2024-11-09 20:52:51,573 - __main__ - INFO - Number of side effects: 2931
2024-11-09 20:52:51,587 - werkzeug - WARNING -  * Debugger is active!
2024-11-09 20:52:51,589 - werkzeug - INFO -  * Debugger PIN: 923-312-183
2024-11-09 20:53:03,954 - werkzeug - INFO - 127.0.0.1 - - [09/Nov/2024 20:53:03] "GET / HTTP/1.1" 200 -
2024-11-09 20:53:15,543 - werkzeug - INFO - 127.0.0.1 - - [09/Nov/2024 20:53:15] "GET /login HTTP/1.1" 200 -
2024-11-09 20:53:25,887 - werkzeug - INFO - 127.0.0.1 - - [09/Nov/2024 20:53:25] "GET /signup HTTP/1.1" 200 -
2024-11-09 20:53:37,483 - werkzeug - INFO - 127.0.0.1 - - [09/Nov/2024 20:53:37] "[32mPOST /signup HTTP/1.1[0m" 302 -
2024-11-09 20:53:37,489 - werkzeug - INFO - 127.0.0.1 - - [09/Nov/2024 20:53:37] "GET /login HTTP/1.1" 200 -
2024-11-09 20:53:57,926 - werkzeug - INFO - 127.0.0.1 - - [09/Nov/2024 20:53:57] "[32mPOST /login HTTP/1.1[0m" 302 -
2024-11-09 20:53:57,932 - werkzeug - INFO - 127.0.0.1 - - [09/Nov/2024 20:53:57] "[32mGET /main HTTP/1.1[0m" 302 -
2024-11-09 20:53:57,940 - werkzeug - INFO - 127.0.0.1 - - [09/Nov/2024 20:53:57] "GET / HTTP/1.1" 200 -
2024-11-09 20:54:10,948 - __main__ - INFO - Received prediction request
2024-11-09 20:54:10,990 - absl - WARNING - Compiled the loaded model, but the compiled metrics have yet to be built. `model.compile_metrics` will be empty until you train or evaluate the model.
2024-11-09 20:54:10,994 - __main__ - INFO - Successfully loaded model and encoder
2024-11-09 20:54:11,396 - __main__ - INFO - Successfully loaded drug data
2024-11-09 20:54:16,232 - __main__ - INFO - Successfully generated prediction response
2024-11-09 20:54:16,233 - werkzeug - INFO - 127.0.0.1 - - [09/Nov/2024 20:54:16] "POST /predict HTTP/1.1" 200 -
2024-11-09 21:21:26,270 - __main__ - INFO - Starting Flask application...
2024-11-09 21:21:26,309 - h5py._conv - DEBUG - Creating converter from 3 to 5
2024-11-09 21:21:26,434 - absl - WARNING - Compiled the loaded model, but the compiled metrics have yet to be built. `model.compile_metrics` will be empty until you train or evaluate the model.
2024-11-09 21:21:27,258 - __main__ - INFO - Successfully loaded model and encoder
2024-11-09 21:21:27,258 - __main__ - INFO - Model loaded successfully
2024-11-09 21:21:27,649 - __main__ - INFO - Successfully loaded drug data
2024-11-09 21:21:27,649 - __main__ - INFO - Data files loaded successfully
2024-11-09 21:21:27,649 - __main__ - INFO - Number of diseases in data: 197
2024-11-09 21:21:27,649 - __main__ - INFO - Number of drug interactions: 191148
2024-11-09 21:21:27,649 - __main__ - INFO - Number of side effects: 2931
2024-11-09 21:21:27,673 - werkzeug - INFO - [31m[1mWARNING: This is a development server. Do not use it in a production deployment. Use a production WSGI server instead.[0m
 * Running on http://127.0.0.1:5000
2024-11-09 21:21:27,674 - werkzeug - INFO - [33mPress CTRL+C to quit[0m
2024-11-09 21:21:27,676 - werkzeug - INFO -  * Restarting with stat
2024-11-09 21:21:32,782 - __main__ - INFO - Starting Flask application...
2024-11-09 21:21:32,799 - h5py._conv - DEBUG - Creating converter from 3 to 5
2024-11-09 21:21:32,890 - absl - WARNING - Compiled the loaded model, but the compiled metrics have yet to be built. `model.compile_metrics` will be empty until you train or evaluate the model.
2024-11-09 21:21:33,413 - __main__ - INFO - Successfully loaded model and encoder
2024-11-09 21:21:33,413 - __main__ - INFO - Model loaded successfully
2024-11-09 21:21:33,720 - __main__ - INFO - Successfully loaded drug data
2024-11-09 21:21:33,721 - __main__ - INFO - Data files loaded successfully
2024-11-09 21:21:33,721 - __main__ - INFO - Number of diseases in data: 197
2024-11-09 21:21:33,721 - __main__ - INFO - Number of drug interactions: 191148
2024-11-09 21:21:33,721 - __main__ - INFO - Number of side effects: 2931
2024-11-09 21:21:33,730 - werkzeug - WARNING -  * Debugger is active!
2024-11-09 21:21:33,733 - werkzeug - INFO -  * Debugger PIN: 923-312-183
2024-11-09 21:21:33,776 - werkzeug - INFO - 127.0.0.1 - - [09/Nov/2024 21:21:33] "GET / HTTP/1.1" 200 -
2024-11-09 21:21:36,065 - werkzeug - INFO - 127.0.0.1 - - [09/Nov/2024 21:21:36] "GET /login HTTP/1.1" 200 -
2024-11-09 21:21:40,337 - werkzeug - INFO - 127.0.0.1 - - [09/Nov/2024 21:21:40] "[32mPOST /login HTTP/1.1[0m" 302 -
2024-11-09 21:21:40,345 - werkzeug - INFO - 127.0.0.1 - - [09/Nov/2024 21:21:40] "[32mGET /main HTTP/1.1[0m" 302 -
2024-11-09 21:21:40,355 - werkzeug - INFO - 127.0.0.1 - - [09/Nov/2024 21:21:40] "GET / HTTP/1.1" 200 -
2024-11-09 21:21:42,173 - werkzeug - INFO - 127.0.0.1 - - [09/Nov/2024 21:21:42] "[35m[1mGET /chat HTTP/1.1[0m" 500 -
2024-11-09 21:21:42,234 - werkzeug - INFO - 127.0.0.1 - - [09/Nov/2024 21:21:42] "GET /chat?__debugger__=yes&cmd=resource&f=style.css HTTP/1.1" 200 -
2024-11-09 21:21:42,246 - werkzeug - INFO - 127.0.0.1 - - [09/Nov/2024 21:21:42] "GET /chat?__debugger__=yes&cmd=resource&f=debugger.js HTTP/1.1" 200 -
2024-11-09 21:21:42,303 - werkzeug - INFO - 127.0.0.1 - - [09/Nov/2024 21:21:42] "GET /chat?__debugger__=yes&cmd=resource&f=console.png HTTP/1.1" 200 -
2024-11-09 21:21:42,317 - werkzeug - INFO - 127.0.0.1 - - [09/Nov/2024 21:21:42] "[36mGET /chat?__debugger__=yes&cmd=resource&f=console.png HTTP/1.1[0m" 304 -
2024-11-09 21:22:36,170 - werkzeug - WARNING -  * Debugger is active!
2024-11-09 21:22:36,171 - werkzeug - INFO -  * Debugger PIN: 923-312-183
2024-11-09 21:22:36,840 - werkzeug - INFO - [31m[1mWARNING: This is a development server. Do not use it in a production deployment. Use a production WSGI server instead.[0m
 * Running on http://127.0.0.1:5000
2024-11-09 21:22:36,840 - werkzeug - INFO - [33mPress CTRL+C to quit[0m
2024-11-09 21:22:36,840 - werkzeug - INFO -  * Restarting with stat
2024-11-09 21:22:42,152 - __main__ - INFO - Starting Flask application...
2024-11-09 21:22:42,171 - h5py._conv - DEBUG - Creating converter from 3 to 5
2024-11-09 21:22:42,261 - absl - WARNING - Compiled the loaded model, but the compiled metrics have yet to be built. `model.compile_metrics` will be empty until you train or evaluate the model.
2024-11-09 21:22:42,765 - __main__ - INFO - Successfully loaded model and encoder
2024-11-09 21:22:42,765 - __main__ - INFO - Model loaded successfully
2024-11-09 21:22:43,065 - __main__ - INFO - Successfully loaded drug data
2024-11-09 21:22:43,065 - __main__ - INFO - Data files loaded successfully
2024-11-09 21:22:43,065 - __main__ - INFO - Number of diseases in data: 197
2024-11-09 21:22:43,065 - __main__ - INFO - Number of drug interactions: 191148
2024-11-09 21:22:43,065 - __main__ - INFO - Number of side effects: 2931
2024-11-09 21:22:43,077 - werkzeug - WARNING -  * Debugger is active!
2024-11-09 21:22:43,079 - werkzeug - INFO -  * Debugger PIN: 923-312-183
2024-11-09 21:22:58,563 - __main__ - INFO - Starting Flask application...
2024-11-09 21:22:58,583 - h5py._conv - DEBUG - Creating converter from 3 to 5
2024-11-09 21:22:58,689 - absl - WARNING - Compiled the loaded model, but the compiled metrics have yet to be built. `model.compile_metrics` will be empty until you train or evaluate the model.
2024-11-09 21:22:59,307 - __main__ - INFO - Successfully loaded model and encoder
2024-11-09 21:22:59,307 - __main__ - INFO - Model loaded successfully
2024-11-09 21:22:59,647 - __main__ - INFO - Successfully loaded drug data
2024-11-09 21:22:59,647 - __main__ - INFO - Data files loaded successfully
2024-11-09 21:22:59,647 - __main__ - INFO - Number of diseases in data: 197
2024-11-09 21:22:59,648 - __main__ - INFO - Number of drug interactions: 191148
2024-11-09 21:22:59,648 - __main__ - INFO - Number of side effects: 2931
2024-11-09 21:22:59,668 - werkzeug - INFO - [31m[1mWARNING: This is a development server. Do not use it in a production deployment. Use a production WSGI server instead.[0m
 * Running on http://127.0.0.1:5000
2024-11-09 21:22:59,668 - werkzeug - INFO - [33mPress CTRL+C to quit[0m
2024-11-09 21:22:59,669 - werkzeug - INFO -  * Restarting with stat
2024-11-09 21:23:04,980 - __main__ - INFO - Starting Flask application...
2024-11-09 21:23:05,000 - h5py._conv - DEBUG - Creating converter from 3 to 5
2024-11-09 21:23:05,086 - absl - WARNING - Compiled the loaded model, but the compiled metrics have yet to be built. `model.compile_metrics` will be empty until you train or evaluate the model.
2024-11-09 21:23:05,604 - __main__ - INFO - Successfully loaded model and encoder
2024-11-09 21:23:05,604 - __main__ - INFO - Model loaded successfully
2024-11-09 21:23:05,955 - __main__ - INFO - Successfully loaded drug data
2024-11-09 21:23:05,955 - __main__ - INFO - Data files loaded successfully
2024-11-09 21:23:05,955 - __main__ - INFO - Number of diseases in data: 197
2024-11-09 21:23:05,955 - __main__ - INFO - Number of drug interactions: 191148
2024-11-09 21:23:05,956 - __main__ - INFO - Number of side effects: 2931
2024-11-09 21:23:05,966 - werkzeug - WARNING -  * Debugger is active!
2024-11-09 21:23:05,968 - werkzeug - INFO -  * Debugger PIN: 923-312-183
2024-11-09 21:23:05,988 - werkzeug - INFO - 127.0.0.1 - - [09/Nov/2024 21:23:05] "GET / HTTP/1.1" 200 -
2024-11-09 21:23:12,864 - werkzeug - INFO - 127.0.0.1 - - [09/Nov/2024 21:23:12] "GET /chat HTTP/1.1" 200 -
2024-11-09 21:23:17,378 - werkzeug - INFO - 127.0.0.1 - - [09/Nov/2024 21:23:17] "[35m[1mPOST /send_message HTTP/1.1[0m" 500 -
2024-11-09 21:23:25,013 - werkzeug - INFO - 127.0.0.1 - - [09/Nov/2024 21:23:25] "[35m[1mPOST /send_message HTTP/1.1[0m" 500 -
2024-11-09 21:23:31,622 - werkzeug - INFO - 127.0.0.1 - - [09/Nov/2024 21:23:31] "[35m[1mPOST /send_message HTTP/1.1[0m" 500 -
2024-11-09 21:26:08,800 - werkzeug - WARNING -  * Debugger is active!
2024-11-09 21:26:08,800 - werkzeug - INFO -  * Debugger PIN: 923-312-183
2024-11-09 21:26:09,345 - werkzeug - INFO - [31m[1mWARNING: This is a development server. Do not use it in a production deployment. Use a production WSGI server instead.[0m
 * Running on http://127.0.0.1:5000
2024-11-09 21:26:09,345 - werkzeug - INFO - [33mPress CTRL+C to quit[0m
2024-11-09 21:26:09,345 - werkzeug - INFO -  * Restarting with stat
2024-11-09 21:29:20,286 - __main__ - INFO - Starting Flask application...
2024-11-09 21:29:20,311 - h5py._conv - DEBUG - Creating converter from 3 to 5
2024-11-09 21:29:20,412 - absl - WARNING - Compiled the loaded model, but the compiled metrics have yet to be built. `model.compile_metrics` will be empty until you train or evaluate the model.
2024-11-09 21:29:20,960 - __main__ - INFO - Successfully loaded model and encoder
2024-11-09 21:29:20,961 - __main__ - INFO - Model loaded successfully
2024-11-09 21:29:21,307 - __main__ - INFO - Successfully loaded drug data
2024-11-09 21:29:21,308 - __main__ - INFO - Data files loaded successfully
2024-11-09 21:29:21,308 - __main__ - INFO - Number of diseases in data: 197
2024-11-09 21:29:21,308 - __main__ - INFO - Number of drug interactions: 191148
2024-11-09 21:29:21,308 - __main__ - INFO - Number of side effects: 2931
2024-11-09 21:29:21,329 - werkzeug - INFO - [31m[1mWARNING: This is a development server. Do not use it in a production deployment. Use a production WSGI server instead.[0m
 * Running on http://127.0.0.1:5000
2024-11-09 21:29:21,329 - werkzeug - INFO - [33mPress CTRL+C to quit[0m
2024-11-09 21:29:21,332 - werkzeug - INFO -  * Restarting with stat
2024-11-09 21:29:26,840 - __main__ - INFO - Starting Flask application...
2024-11-09 21:29:26,860 - h5py._conv - DEBUG - Creating converter from 3 to 5
2024-11-09 21:29:26,962 - absl - WARNING - Compiled the loaded model, but the compiled metrics have yet to be built. `model.compile_metrics` will be empty until you train or evaluate the model.
2024-11-09 21:29:27,604 - __main__ - INFO - Successfully loaded model and encoder
2024-11-09 21:29:27,604 - __main__ - INFO - Model loaded successfully
2024-11-09 21:29:27,968 - __main__ - INFO - Successfully loaded drug data
2024-11-09 21:29:27,969 - __main__ - INFO - Data files loaded successfully
2024-11-09 21:29:27,969 - __main__ - INFO - Number of diseases in data: 197
2024-11-09 21:29:27,969 - __main__ - INFO - Number of drug interactions: 191148
2024-11-09 21:29:27,969 - __main__ - INFO - Number of side effects: 2931
2024-11-09 21:29:27,979 - werkzeug - WARNING -  * Debugger is active!
2024-11-09 21:29:27,982 - werkzeug - INFO -  * Debugger PIN: 923-312-183
2024-11-09 21:29:28,000 - werkzeug - INFO - 127.0.0.1 - - [09/Nov/2024 21:29:28] "GET / HTTP/1.1" 200 -
2024-11-09 21:29:55,779 - werkzeug - INFO - 127.0.0.1 - - [09/Nov/2024 21:29:55] "GET /chat HTTP/1.1" 200 -
2024-11-09 21:30:01,680 - werkzeug - INFO - 127.0.0.1 - - [09/Nov/2024 21:30:01] "[35m[1mPOST /send_message HTTP/1.1[0m" 500 -
2024-11-09 21:30:17,523 - werkzeug - INFO - 127.0.0.1 - - [09/Nov/2024 21:30:17] "GET /chat HTTP/1.1" 200 -
2024-11-09 21:30:30,445 - werkzeug - INFO - 127.0.0.1 - - [09/Nov/2024 21:30:30] "[35m[1mPOST /send_message HTTP/1.1[0m" 500 -
2024-11-09 21:30:39,120 - werkzeug - INFO - 127.0.0.1 - - [09/Nov/2024 21:30:39] "[35m[1mPOST /send_message HTTP/1.1[0m" 500 -
2024-11-09 21:31:25,465 - werkzeug - WARNING -  * Debugger is active!
2024-11-09 21:31:25,466 - werkzeug - INFO -  * Debugger PIN: 923-312-183
2024-11-09 21:31:25,994 - werkzeug - INFO - [31m[1mWARNING: This is a development server. Do not use it in a production deployment. Use a production WSGI server instead.[0m
 * Running on http://127.0.0.1:5000
2024-11-09 21:31:25,994 - werkzeug - INFO - [33mPress CTRL+C to quit[0m
2024-11-09 21:31:25,994 - werkzeug - INFO -  * Restarting with stat
2024-11-09 21:31:31,049 - __main__ - INFO - Starting Flask application...
2024-11-09 21:31:31,067 - h5py._conv - DEBUG - Creating converter from 3 to 5
2024-11-09 21:31:31,166 - absl - WARNING - Compiled the loaded model, but the compiled metrics have yet to be built. `model.compile_metrics` will be empty until you train or evaluate the model.
2024-11-09 21:31:31,748 - __main__ - INFO - Successfully loaded model and encoder
2024-11-09 21:31:31,748 - __main__ - INFO - Model loaded successfully
2024-11-09 21:31:32,094 - __main__ - INFO - Successfully loaded drug data
2024-11-09 21:31:32,094 - __main__ - INFO - Data files loaded successfully
2024-11-09 21:31:32,094 - __main__ - INFO - Number of diseases in data: 197
2024-11-09 21:31:32,094 - __main__ - INFO - Number of drug interactions: 191148
2024-11-09 21:31:32,094 - __main__ - INFO - Number of side effects: 2931
2024-11-09 21:31:32,105 - werkzeug - WARNING -  * Debugger is active!
2024-11-09 21:31:32,107 - werkzeug - INFO -  * Debugger PIN: 923-312-183
2024-11-09 22:03:51,319 - __main__ - INFO - Starting Flask application...
2024-11-09 22:03:51,356 - h5py._conv - DEBUG - Creating converter from 3 to 5
2024-11-09 22:03:51,529 - absl - WARNING - Compiled the loaded model, but the compiled metrics have yet to be built. `model.compile_metrics` will be empty until you train or evaluate the model.
2024-11-09 22:03:53,397 - __main__ - INFO - Successfully loaded model and encoder
2024-11-09 22:03:53,397 - __main__ - INFO - Model loaded successfully
2024-11-09 22:03:54,368 - __main__ - INFO - Successfully loaded drug data
2024-11-09 22:03:54,368 - __main__ - INFO - Data files loaded successfully
2024-11-09 22:03:54,368 - __main__ - INFO - Number of diseases in data: 197
2024-11-09 22:03:54,368 - __main__ - INFO - Number of drug interactions: 191148
2024-11-09 22:03:54,368 - __main__ - INFO - Number of side effects: 2931
2024-11-09 22:03:54,424 - werkzeug - INFO - [31m[1mWARNING: This is a development server. Do not use it in a production deployment. Use a production WSGI server instead.[0m
 * Running on http://127.0.0.1:5000
2024-11-09 22:03:54,425 - werkzeug - INFO - [33mPress CTRL+C to quit[0m
2024-11-09 22:03:54,431 - werkzeug - INFO -  * Restarting with stat
2024-11-09 22:04:01,539 - __main__ - INFO - Starting Flask application...
2024-11-09 22:04:01,571 - h5py._conv - DEBUG - Creating converter from 3 to 5
2024-11-09 22:04:01,748 - absl - WARNING - Compiled the loaded model, but the compiled metrics have yet to be built. `model.compile_metrics` will be empty until you train or evaluate the model.
2024-11-09 22:04:02,345 - __main__ - INFO - Successfully loaded model and encoder
2024-11-09 22:04:02,346 - __main__ - INFO - Model loaded successfully
2024-11-09 22:04:02,793 - __main__ - INFO - Successfully loaded drug data
2024-11-09 22:04:02,794 - __main__ - INFO - Data files loaded successfully
2024-11-09 22:04:02,794 - __main__ - INFO - Number of diseases in data: 197
2024-11-09 22:04:02,794 - __main__ - INFO - Number of drug interactions: 191148
2024-11-09 22:04:02,794 - __main__ - INFO - Number of side effects: 2931
2024-11-09 22:04:02,806 - werkzeug - WARNING -  * Debugger is active!
2024-11-09 22:04:02,816 - werkzeug - INFO -  * Debugger PIN: 923-312-183
2024-11-09 22:04:55,202 - werkzeug - INFO - 127.0.0.1 - - [09/Nov/2024 22:04:55] "GET / HTTP/1.1" 200 -
2024-11-09 22:05:04,181 - werkzeug - INFO - 127.0.0.1 - - [09/Nov/2024 22:05:04] "GET /login HTTP/1.1" 200 -
2024-11-09 22:05:08,943 - werkzeug - INFO - 127.0.0.1 - - [09/Nov/2024 22:05:08] "[32mPOST /login HTTP/1.1[0m" 302 -
2024-11-09 22:05:08,954 - werkzeug - INFO - 127.0.0.1 - - [09/Nov/2024 22:05:08] "[32mGET /main HTTP/1.1[0m" 302 -
2024-11-09 22:05:08,968 - werkzeug - INFO - 127.0.0.1 - - [09/Nov/2024 22:05:08] "GET / HTTP/1.1" 200 -
2024-11-09 22:05:19,132 - __main__ - INFO - Received prediction request
2024-11-09 22:05:19,228 - absl - WARNING - Compiled the loaded model, but the compiled metrics have yet to be built. `model.compile_metrics` will be empty until you train or evaluate the model.
2024-11-09 22:05:19,235 - __main__ - INFO - Successfully loaded model and encoder
2024-11-09 22:05:20,181 - __main__ - INFO - Successfully loaded drug data
2024-11-09 22:05:38,087 - __main__ - INFO - Successfully generated prediction response
2024-11-09 22:05:38,091 - werkzeug - INFO - 127.0.0.1 - - [09/Nov/2024 22:05:38] "POST /predict HTTP/1.1" 200 -
2024-11-09 22:08:18,197 - werkzeug - INFO - 127.0.0.1 - - [09/Nov/2024 22:08:18] "GET / HTTP/1.1" 200 -
2024-11-09 22:08:22,441 - werkzeug - INFO - 127.0.0.1 - - [09/Nov/2024 22:08:22] "GET /login HTTP/1.1" 200 -
2024-11-09 22:08:30,405 - werkzeug - INFO - 127.0.0.1 - - [09/Nov/2024 22:08:30] "[32mPOST /login HTTP/1.1[0m" 302 -
2024-11-09 22:08:30,414 - werkzeug - INFO - 127.0.0.1 - - [09/Nov/2024 22:08:30] "[32mGET /main HTTP/1.1[0m" 302 -
2024-11-09 22:08:30,425 - werkzeug - INFO - 127.0.0.1 - - [09/Nov/2024 22:08:30] "GET / HTTP/1.1" 200 -
2024-11-09 22:12:36,560 - werkzeug - INFO - 127.0.0.1 - - [09/Nov/2024 22:12:36] "GET / HTTP/1.1" 200 -
2024-11-09 22:13:49,594 - werkzeug - INFO - 127.0.0.1 - - [09/Nov/2024 22:13:49] "GET / HTTP/1.1" 200 -
2024-11-09 22:14:30,523 - werkzeug - INFO - 127.0.0.1 - - [09/Nov/2024 22:14:30] "GET / HTTP/1.1" 200 -
2024-11-09 22:14:52,749 - __main__ - INFO - Received prediction request
2024-11-09 22:14:52,856 - absl - WARNING - Compiled the loaded model, but the compiled metrics have yet to be built. `model.compile_metrics` will be empty until you train or evaluate the model.
2024-11-09 22:14:52,863 - __main__ - INFO - Successfully loaded model and encoder
2024-11-09 22:14:53,854 - __main__ - INFO - Successfully loaded drug data
2024-11-09 22:15:08,699 - __main__ - INFO - Successfully generated prediction response
2024-11-09 22:15:08,707 - werkzeug - INFO - 127.0.0.1 - - [09/Nov/2024 22:15:08] "POST /predict HTTP/1.1" 200 -
2024-11-09 22:16:17,893 - werkzeug - INFO - 127.0.0.1 - - [09/Nov/2024 22:16:17] "GET /login HTTP/1.1" 200 -
2024-11-09 22:24:45,998 - werkzeug - INFO - 127.0.0.1 - - [09/Nov/2024 22:24:45] "[32mPOST /login HTTP/1.1[0m" 302 -
2024-11-09 22:24:46,005 - werkzeug - INFO - 127.0.0.1 - - [09/Nov/2024 22:24:46] "[32mGET /main HTTP/1.1[0m" 302 -
2024-11-09 22:24:46,025 - werkzeug - INFO - 127.0.0.1 - - [09/Nov/2024 22:24:46] "GET / HTTP/1.1" 200 -
2024-11-09 22:26:56,998 - werkzeug - WARNING -  * Debugger is active!
2024-11-09 22:26:56,999 - werkzeug - INFO -  * Debugger PIN: 923-312-183
2024-11-09 22:26:57,759 - werkzeug - INFO - [31m[1mWARNING: This is a development server. Do not use it in a production deployment. Use a production WSGI server instead.[0m
 * Running on http://127.0.0.1:5000
2024-11-09 22:26:57,759 - werkzeug - INFO - [33mPress CTRL+C to quit[0m
2024-11-09 22:26:57,759 - werkzeug - INFO -  * Restarting with stat
2024-11-09 22:27:14,893 - __main__ - INFO - Starting Flask application...
2024-11-09 22:27:14,926 - h5py._conv - DEBUG - Creating converter from 3 to 5
2024-11-09 22:27:15,016 - absl - WARNING - Compiled the loaded model, but the compiled metrics have yet to be built. `model.compile_metrics` will be empty until you train or evaluate the model.
2024-11-09 22:27:15,770 - __main__ - INFO - Successfully loaded model and encoder
2024-11-09 22:27:15,771 - __main__ - INFO - Model loaded successfully
2024-11-09 22:27:16,126 - __main__ - INFO - Successfully loaded drug data
2024-11-09 22:27:16,126 - __main__ - INFO - Data files loaded successfully
2024-11-09 22:27:16,126 - __main__ - INFO - Number of diseases in data: 197
2024-11-09 22:27:16,126 - __main__ - INFO - Number of drug interactions: 191148
2024-11-09 22:27:16,126 - __main__ - INFO - Number of side effects: 2931
2024-11-09 22:27:16,154 - werkzeug - INFO - [31m[1mWARNING: This is a development server. Do not use it in a production deployment. Use a production WSGI server instead.[0m
 * Running on http://127.0.0.1:5000
2024-11-09 22:27:16,154 - werkzeug - INFO - [33mPress CTRL+C to quit[0m
2024-11-09 22:27:16,156 - werkzeug - INFO -  * Restarting with stat
2024-11-09 22:27:21,395 - __main__ - INFO - Starting Flask application...
2024-11-09 22:27:21,422 - h5py._conv - DEBUG - Creating converter from 3 to 5
2024-11-09 22:27:21,508 - absl - WARNING - Compiled the loaded model, but the compiled metrics have yet to be built. `model.compile_metrics` will be empty until you train or evaluate the model.
2024-11-09 22:27:22,079 - __main__ - INFO - Successfully loaded model and encoder
2024-11-09 22:27:22,081 - __main__ - INFO - Model loaded successfully
2024-11-09 22:27:22,450 - __main__ - INFO - Successfully loaded drug data
2024-11-09 22:27:22,450 - __main__ - INFO - Data files loaded successfully
2024-11-09 22:27:22,450 - __main__ - INFO - Number of diseases in data: 197
2024-11-09 22:27:22,450 - __main__ - INFO - Number of drug interactions: 191148
2024-11-09 22:27:22,450 - __main__ - INFO - Number of side effects: 2931
2024-11-09 22:27:22,459 - werkzeug - WARNING -  * Debugger is active!
2024-11-09 22:27:22,462 - werkzeug - INFO -  * Debugger PIN: 923-312-183
2024-11-09 22:32:52,009 - werkzeug - INFO - 127.0.0.1 - - [09/Nov/2024 22:32:52] "GET / HTTP/1.1" 200 -
2024-11-09 22:32:57,652 - werkzeug - INFO - 127.0.0.1 - - [09/Nov/2024 22:32:57] "GET /login HTTP/1.1" 200 -
2024-11-09 22:33:05,423 - werkzeug - INFO - 127.0.0.1 - - [09/Nov/2024 22:33:05] "[32mPOST /login HTTP/1.1[0m" 302 -
2024-11-09 22:33:05,430 - werkzeug - INFO - 127.0.0.1 - - [09/Nov/2024 22:33:05] "[32mGET /main HTTP/1.1[0m" 302 -
2024-11-09 22:33:05,437 - werkzeug - INFO - 127.0.0.1 - - [09/Nov/2024 22:33:05] "GET / HTTP/1.1" 200 -
2024-11-09 22:59:19,054 - werkzeug - INFO - 127.0.0.1 - - [09/Nov/2024 22:59:19] "GET / HTTP/1.1" 200 -
2024-11-09 22:59:28,459 - werkzeug - INFO - 127.0.0.1 - - [09/Nov/2024 22:59:28] "GET / HTTP/1.1" 200 -
2024-11-09 23:01:06,844 - werkzeug - INFO - 127.0.0.1 - - [09/Nov/2024 23:01:06] "GET / HTTP/1.1" 200 -
2024-11-09 23:01:52,081 - werkzeug - INFO - 127.0.0.1 - - [09/Nov/2024 23:01:52] "GET / HTTP/1.1" 200 -
2024-11-09 23:02:03,954 - werkzeug - INFO - 127.0.0.1 - - [09/Nov/2024 23:02:03] "GET / HTTP/1.1" 200 -
2024-11-09 23:02:17,526 - werkzeug - INFO - 127.0.0.1 - - [09/Nov/2024 23:02:17] "GET / HTTP/1.1" 200 -
2024-11-09 23:02:30,822 - __main__ - INFO - Received prediction request
2024-11-09 23:02:31,065 - absl - WARNING - Compiled the loaded model, but the compiled metrics have yet to be built. `model.compile_metrics` will be empty until you train or evaluate the model.
2024-11-09 23:02:31,082 - __main__ - INFO - Successfully loaded model and encoder
2024-11-09 23:02:31,907 - __main__ - INFO - Successfully loaded drug data
2024-11-09 23:02:44,835 - __main__ - INFO - Successfully generated prediction response
2024-11-09 23:02:44,840 - werkzeug - INFO - 127.0.0.1 - - [09/Nov/2024 23:02:44] "POST /predict HTTP/1.1" 200 -
2024-11-09 23:04:09,216 - werkzeug - INFO - 127.0.0.1 - - [09/Nov/2024 23:04:09] "GET / HTTP/1.1" 200 -
2024-11-09 23:05:51,956 - werkzeug - INFO - 127.0.0.1 - - [09/Nov/2024 23:05:51] "GET / HTTP/1.1" 200 -
2024-11-09 23:06:41,369 - werkzeug - INFO - 127.0.0.1 - - [09/Nov/2024 23:06:41] "GET / HTTP/1.1" 200 -
2024-11-09 23:07:13,956 - werkzeug - INFO - 127.0.0.1 - - [09/Nov/2024 23:07:13] "GET / HTTP/1.1" 200 -
2024-11-09 23:07:31,198 - werkzeug - INFO - 127.0.0.1 - - [09/Nov/2024 23:07:31] "GET / HTTP/1.1" 200 -
2024-11-09 23:07:54,747 - werkzeug - INFO - 127.0.0.1 - - [09/Nov/2024 23:07:54] "GET / HTTP/1.1" 200 -
2024-11-09 23:11:19,050 - werkzeug - INFO - 127.0.0.1 - - [09/Nov/2024 23:11:19] "GET / HTTP/1.1" 200 -
2024-11-09 23:20:07,932 - werkzeug - INFO - 127.0.0.1 - - [09/Nov/2024 23:20:07] "GET / HTTP/1.1" 200 -
2024-11-09 23:21:40,976 - werkzeug - INFO - 127.0.0.1 - - [09/Nov/2024 23:21:40] "GET / HTTP/1.1" 200 -
2024-11-09 23:22:02,101 - werkzeug - INFO - 127.0.0.1 - - [09/Nov/2024 23:22:02] "GET / HTTP/1.1" 200 -
2024-11-09 23:26:18,279 - werkzeug - INFO - 127.0.0.1 - - [09/Nov/2024 23:26:18] "GET / HTTP/1.1" 200 -
2024-11-09 23:26:21,500 - werkzeug - INFO - 127.0.0.1 - - [09/Nov/2024 23:26:21] "GET / HTTP/1.1" 200 -
2024-11-09 23:29:31,990 - werkzeug - INFO - 127.0.0.1 - - [09/Nov/2024 23:29:31] "GET / HTTP/1.1" 200 -
2024-11-09 23:29:32,074 - werkzeug - INFO - 127.0.0.1 - - [09/Nov/2024 23:29:32] "[33mGET /acm_logo_black.jpeg HTTP/1.1[0m" 404 -
2024-11-09 23:30:27,473 - werkzeug - INFO - 127.0.0.1 - - [09/Nov/2024 23:30:27] "GET / HTTP/1.1" 200 -
2024-11-09 23:30:49,774 - werkzeug - INFO - 127.0.0.1 - - [09/Nov/2024 23:30:49] "GET / HTTP/1.1" 200 -
2024-11-09 23:30:57,955 - werkzeug - INFO - 127.0.0.1 - - [09/Nov/2024 23:30:57] "GET / HTTP/1.1" 200 -
2024-11-09 23:31:32,012 - werkzeug - INFO - 127.0.0.1 - - [09/Nov/2024 23:31:32] "GET / HTTP/1.1" 200 -
2024-11-09 23:32:14,774 - werkzeug - INFO - 127.0.0.1 - - [09/Nov/2024 23:32:14] "GET / HTTP/1.1" 200 -
2024-11-09 23:33:12,989 - werkzeug - INFO - 127.0.0.1 - - [09/Nov/2024 23:33:12] "GET / HTTP/1.1" 200 -
2024-11-09 23:34:21,771 - werkzeug - INFO - 127.0.0.1 - - [09/Nov/2024 23:34:21] "GET / HTTP/1.1" 200 -
2024-11-09 23:34:23,639 - werkzeug - INFO - 127.0.0.1 - - [09/Nov/2024 23:34:23] "GET /login HTTP/1.1" 200 -
2024-11-09 23:34:28,155 - werkzeug - INFO - 127.0.0.1 - - [09/Nov/2024 23:34:28] "[32mPOST /login HTTP/1.1[0m" 302 -
2024-11-09 23:34:28,161 - werkzeug - INFO - 127.0.0.1 - - [09/Nov/2024 23:34:28] "[32mGET /main HTTP/1.1[0m" 302 -
2024-11-09 23:34:28,171 - werkzeug - INFO - 127.0.0.1 - - [09/Nov/2024 23:34:28] "GET / HTTP/1.1" 200 -
2024-11-09 23:35:33,454 - werkzeug - INFO - 127.0.0.1 - - [09/Nov/2024 23:35:33] "GET / HTTP/1.1" 200 -
